<?xml version="1.0" encoding="utf-8"?><testsuites name="pytest tests"><testsuite name="pytest" errors="0" failures="1" skipped="0" tests="2" time="0.131" timestamp="2026-04-24T13:36:31.722239-05:00" hostname="DESKTOP-2J79D0K"><testcase classname="tests.test_suma" name="test_suma" time="0.001" /><testcase classname="tests.test_suma" name="test_suma_fail" time="0.001"><failure message="assert 3 == 4&#10; +  where 3 = suma(1, 2)">def test_suma_fail():
&gt;       assert suma(1, 2) == 4
E       assert 3 == 4
E        +  where 3 = suma(1, 2)

tests\test_suma.py:13: AssertionError</failure></testcase></testsuite></testsuites>